#
# There is insufficient memory for the Java Runtime Environment to continue.
# Native memory allocation (malloc) failed to allocate 32744 bytes for ChunkPool::allocate
# Possible reasons:
#   The system is out of physical RAM or swap space
#   In 32 bit mode, the process size limit was hit
# Possible solutions:
#   Reduce memory load on the system
#   Increase physical memory or swap space
#   Check if swap backing store is full
#   Use 64 bit Java on a 64 bit OS
#   Decrease Java heap size (-Xmx/-Xms)
#   Decrease number of Java threads
#   Decrease Java thread stack sizes (-Xss)
#   Set larger code cache with -XX:ReservedCodeCacheSize=
# This output file may be truncated or incomplete.
#
#  Out of Memory Error (allocation.cpp:273), pid=31188, tid=0x0000000000007e00
#
# JRE version: Java(TM) SE Runtime Environment (8.0_191-b12) (build 1.8.0_191-b12)
# Java VM: Java HotSpot(TM) 64-Bit Server VM (25.191-b12 mixed mode windows-amd64 compressed oops)
# Failed to write core dump. Minidumps are not enabled by default on client versions of Windows
#

---------------  T H R E A D  ---------------

Current thread (0x000000001e1e9800):  JavaThread "AsyncHttpClient-3-1" [_thread_in_vm, id=32256, stack(0x0000000022fd0000,0x00000000230d0000)]

Stack: [0x0000000022fd0000,0x00000000230d0000]
[error occurred during error reporting (printing stack bounds), id 0xc0000005]

Native frames: (J=compiled Java code, j=interpreted, Vv=VM code, C=native code)

Java frames: (J=compiled Java code, j=interpreted, Vv=VM code)
J 809  java.lang.ClassLoader.defineClass1(Ljava/lang/String;[BIILjava/security/ProtectionDomain;Ljava/lang/String;)Ljava/lang/Class; (0 bytes) @ 0x0000000002b0e69f [0x0000000002b0e600+0x9f]
J 989 C1 java.lang.ClassLoader.defineClass(Ljava/lang/String;[BIILjava/security/ProtectionDomain;)Ljava/lang/Class; (43 bytes) @ 0x0000000002b8e60c [0x0000000002b8e000+0x60c]
J 2302 C2 java.net.URLClassLoader$1.run()Ljava/lang/Object; (5 bytes) @ 0x0000000002fa953c [0x0000000002fa5a80+0x3abc]
v  ~StubRoutines::call_stub
J 278  java.security.AccessController.doPrivileged(Ljava/security/PrivilegedExceptionAction;Ljava/security/AccessControlContext;)Ljava/lang/Object; (0 bytes) @ 0x000000000299b966 [0x000000000299b900+0x66]
J 2360 C2 java.net.URLClassLoader.findClass(Ljava/lang/String;)Ljava/lang/Class; (47 bytes) @ 0x0000000002aca984 [0x0000000002aca8e0+0xa4]
j  java.lang.ClassLoader.loadClass(Ljava/lang/String;Z)Ljava/lang/Class;+70
J 411 C1 sun.misc.Launcher$AppClassLoader.loadClass(Ljava/lang/String;Z)Ljava/lang/Class; (85 bytes) @ 0x0000000002a02384 [0x0000000002a019a0+0x9e4]
J 410 C1 java.lang.ClassLoader.loadClass(Ljava/lang/String;)Ljava/lang/Class; (7 bytes) @ 0x0000000002a0159c [0x0000000002a01480+0x11c]
v  ~StubRoutines::call_stub
j  com.fasterxml.jackson.databind.deser.BasicDeserializerFactory._constructDefaultValueInstantiator(Lcom/fasterxml/jackson/databind/DeserializationContext;Lcom/fasterxml/jackson/databind/BeanDescription;)Lcom/fasterxml/jackson/databind/deser/ValueInstantiator;+28
j  com.fasterxml.jackson.databind.deser.BasicDeserializerFactory.findValueInstantiator(Lcom/fasterxml/jackson/databind/DeserializationContext;Lcom/fasterxml/jackson/databind/BeanDescription;)Lcom/fasterxml/jackson/databind/deser/ValueInstantiator;+64
j  com.fasterxml.jackson.databind.deser.BeanDeserializerFactory.buildBeanDeserializer(Lcom/fasterxml/jackson/databind/DeserializationContext;Lcom/fasterxml/jackson/databind/JavaType;Lcom/fasterxml/jackson/databind/BeanDescription;)Lcom/fasterxml/jackson/databind/JsonDeserializer;+3
j  com.fasterxml.jackson.databind.deser.BeanDeserializerFactory.createBeanDeserializer(Lcom/fasterxml/jackson/databind/DeserializationContext;Lcom/fasterxml/jackson/databind/JavaType;Lcom/fasterxml/jackson/databind/BeanDescription;)Lcom/fasterxml/jackson/databind/JsonDeserializer;+212
j  com.fasterxml.jackson.databind.deser.DeserializerCache._createDeserializer2(Lcom/fasterxml/jackson/databind/DeserializationContext;Lcom/fasterxml/jackson/databind/deser/DeserializerFactory;Lcom/fasterxml/jackson/databind/JavaType;Lcom/fasterxml/jackson/databind/BeanDescription;)Lcom/fasterxml/jackson/databind/JsonDeserializer;+220
j  com.fasterxml.jackson.databind.deser.DeserializerCache._createDeserializer(Lcom/fasterxml/jackson/databind/DeserializationContext;Lcom/fasterxml/jackson/databind/deser/DeserializerFactory;Lcom/fasterxml/jackson/databind/JavaType;)Lcom/fasterxml/jackson/databind/JsonDeserializer;+135
j  com.fasterxml.jackson.databind.deser.DeserializerCache._createAndCache2(Lcom/fasterxml/jackson/databind/DeserializationContext;Lcom/fasterxml/jackson/databind/deser/DeserializerFactory;Lcom/fasterxml/jackson/databind/JavaType;)Lcom/fasterxml/jackson/databind/JsonDeserializer;+4
j  com.fasterxml.jackson.databind.deser.DeserializerCache._createAndCacheValueDeserializer(Lcom/fasterxml/jackson/databind/DeserializationContext;Lcom/fasterxml/jackson/databind/deser/DeserializerFactory;Lcom/fasterxml/jackson/databind/JavaType;)Lcom/fasterxml/jackson/databind/JsonDeserializer;+68
j  com.fasterxml.jackson.databind.deser.DeserializerCache.findValueDeserializer(Lcom/fasterxml/jackson/databind/DeserializationContext;Lcom/fasterxml/jackson/databind/deser/DeserializerFactory;Lcom/fasterxml/jackson/databind/JavaType;)Lcom/fasterxml/jackson/databind/JsonDeserializer;+16
j  com.fasterxml.jackson.databind.DeserializationContext.findRootValueDeserializer(Lcom/fasterxml/jackson/databind/JavaType;)Lcom/fasterxml/jackson/databind/JsonDeserializer;+10
j  com.fasterxml.jackson.databind.ObjectMapper._findRootDeserializer(Lcom/fasterxml/jackson/databind/DeserializationContext;Lcom/fasterxml/jackson/databind/JavaType;)Lcom/fasterxml/jackson/databind/JsonDeserializer;+20
j  com.fasterxml.jackson.databind.ObjectMapper._readMapAndClose(Lcom/fasterxml/jackson/core/JsonParser;Lcom/fasterxml/jackson/databind/JavaType;)Ljava/lang/Object;+80
j  com.fasterxml.jackson.databind.ObjectMapper.readValue(Ljava/lang/String;Lcom/fasterxml/jackson/databind/JavaType;)Ljava/lang/Object;+17
j  com.fasterxml.jackson.databind.ObjectMapper.readValue(Ljava/lang/String;Ljava/lang/Class;)Ljava/lang/Object;+17
j  com.applitools.eyes.universal.USDKListener.onTextFrame(Ljava/lang/String;ZI)V+7
j  org.asynchttpclient.netty.ws.NettyWebSocket.onTextFrame0(Lio/netty/handler/codec/http/websocketx/WebSocketFrame;)V+59
j  org.asynchttpclient.netty.ws.NettyWebSocket.onTextFrame(Lio/netty/handler/codec/http/websocketx/TextWebSocketFrame;)V+23
j  org.asynchttpclient.netty.ws.NettyWebSocket.handleFrame(Lio/netty/handler/codec/http/websocketx/WebSocketFrame;)V+12
j  org.asynchttpclient.netty.ws.NettyWebSocket.processBufferedFrames()V+43
j  org.asynchttpclient.ws.WebSocketUpgradeHandler.onOpen()V+59
j  org.asynchttpclient.netty.handler.WebSocketHandler.upgrade(Lio/netty/channel/Channel;Lorg/asynchttpclient/netty/NettyResponseFuture;Lorg/asynchttpclient/ws/WebSocketUpgradeHandler;Lio/netty/handler/codec/http/HttpResponse;Lio/netty/handler/codec/http/HttpHeaders;)V+253
j  org.asynchttpclient.netty.handler.WebSocketHandler.handleRead(Lio/netty/channel/Channel;Lorg/asynchttpclient/netty/NettyResponseFuture;Ljava/lang/Object;)V+141
j  org.asynchttpclient.netty.handler.AsyncHttpClientHandler.channelRead(Lio/netty/channel/ChannelHandlerContext;Ljava/lang/Object;)V+64
j  io.netty.channel.AbstractChannelHandlerContext.invokeChannelRead(Ljava/lang/Object;)V+16
j  io.netty.channel.AbstractChannelHandlerContext.invokeChannelRead(Lio/netty/channel/AbstractChannelHandlerContext;Ljava/lang/Object;)V+31
j  io.netty.channel.AbstractChannelHandlerContext.fireChannelRead(Ljava/lang/Object;)Lio/netty/channel/ChannelHandlerContext;+7
j  io.netty.channel.CombinedChannelDuplexHandler$DelegatingChannelHandlerContext.fireChannelRead(Ljava/lang/Object;)Lio/netty/channel/ChannelHandlerContext;+5
j  io.netty.handler.codec.ByteToMessageDecoder.fireChannelRead(Lio/netty/channel/ChannelHandlerContext;Lio/netty/handler/codec/CodecOutputList;I)V+13
j  io.netty.handler.codec.ByteToMessageDecoder.fireChannelRead(Lio/netty/channel/ChannelHandlerContext;Ljava/util/List;I)V+13
j  io.netty.handler.codec.ByteToMessageDecoder.callDecode(Lio/netty/channel/ChannelHandlerContext;Lio/netty/buffer/ByteBuf;Ljava/util/List;)V+24
j  io.netty.handler.codec.ByteToMessageDecoder.channelRead(Lio/netty/channel/ChannelHandlerContext;Ljava/lang/Object;)V+74
j  io.netty.channel.CombinedChannelDuplexHandler.channelRead(Lio/netty/channel/ChannelHandlerContext;Ljava/lang/Object;)V+44
j  io.netty.channel.AbstractChannelHandlerContext.invokeChannelRead(Ljava/lang/Object;)V+16
j  io.netty.channel.AbstractChannelHandlerContext.invokeChannelRead(Lio/netty/channel/AbstractChannelHandlerContext;Ljava/lang/Object;)V+31
j  io.netty.channel.AbstractChannelHandlerContext.fireChannelRead(Ljava/lang/Object;)Lio/netty/channel/ChannelHandlerContext;+7
j  io.netty.handler.logging.LoggingHandler.channelRead(Lio/netty/channel/ChannelHandlerContext;Ljava/lang/Object;)V+39
j  io.netty.channel.AbstractChannelHandlerContext.invokeChannelRead(Ljava/lang/Object;)V+16
j  io.netty.channel.AbstractChannelHandlerContext.invokeChannelRead(Lio/netty/channel/AbstractChannelHandlerContext;Ljava/lang/Object;)V+31
j  io.netty.channel.AbstractChannelHandlerContext.fireChannelRead(Ljava/lang/Object;)Lio/netty/channel/ChannelHandlerContext;+7
j  io.netty.channel.DefaultChannelPipeline$HeadContext.channelRead(Lio/netty/channel/ChannelHandlerContext;Ljava/lang/Object;)V+2
j  io.netty.channel.AbstractChannelHandlerContext.invokeChannelRead(Ljava/lang/Object;)V+16
j  io.netty.channel.AbstractChannelHandlerContext.invokeChannelRead(Lio/netty/channel/AbstractChannelHandlerContext;Ljava/lang/Object;)V+31
j  io.netty.channel.DefaultChannelPipeline.fireChannelRead(Ljava/lang/Object;)Lio/netty/channel/ChannelPipeline;+5
j  io.netty.channel.nio.AbstractNioByteChannel$NioByteUnsafe.read()V+159
j  io.netty.channel.nio.NioEventLoop.processSelectedKey(Ljava/nio/channels/SelectionKey;Lio/netty/channel/nio/AbstractNioChannel;)V+113
j  io.netty.channel.nio.NioEventLoop.processSelectedKeysOptimized()V+51
j  io.netty.channel.nio.NioEventLoop.processSelectedKeys()V+8
j  io.netty.channel.nio.NioEventLoop.run()V+263
j  io.netty.util.concurrent.SingleThreadEventExecutor$4.run()V+44
j  io.netty.util.internal.ThreadExecutorMap$2.run()V+11
j  io.netty.util.concurrent.FastThreadLocalRunnable.run()V+4
j  java.lang.Thread.run()V+11
v  ~StubRoutines::call_stub

---------------  P R O C E S S  ---------------

Java Threads: ( => current thread )
=>0x000000001e1e9800 JavaThread "AsyncHttpClient-3-1" [_thread_in_vm, id=32256, stack(0x0000000022fd0000,0x00000000230d0000)]
  0x000000001e1f0800 JavaThread "AsyncHttpClient-timer-1-1" [_thread_blocked, id=10872, stack(0x0000000021f00000,0x0000000022000000)]
  0x000000001f0ae000 JavaThread "Okio Watchdog" daemon [_thread_blocked, id=32056, stack(0x0000000021900000,0x0000000021a00000)]
  0x000000001e000800 JavaThread "OkHttp ConnectionPool" daemon [_thread_blocked, id=6132, stack(0x0000000021800000,0x0000000021900000)]
  0x000000001e954000 JavaThread "Exec Stream Pumper" daemon [_thread_in_native, id=3764, stack(0x0000000021200000,0x0000000021300000)]
  0x000000001edbd000 JavaThread "Exec Stream Pumper" daemon [_thread_in_native, id=32436, stack(0x0000000021100000,0x0000000021200000)]
  0x000000001d90b800 JavaThread "UrlChecker-2" daemon [_thread_blocked, id=30688, stack(0x0000000021000000,0x0000000021100000)]
  0x000000001f1aa000 JavaThread "Exec Default Executor" daemon [_thread_in_native, id=32284, stack(0x000000001fb30000,0x000000001fc30000)]
  0x000000001e4e1800 JavaThread "ReaderThread" [_thread_in_native, id=2104, stack(0x000000001f430000,0x000000001f530000)]
  0x000000001bd63800 JavaThread "Service Thread" daemon [_thread_blocked, id=2540, stack(0x000000001d560000,0x000000001d660000)]
  0x000000001bcfe800 JavaThread "C1 CompilerThread1" daemon [_thread_blocked, id=32000, stack(0x000000001d460000,0x000000001d560000)]
  0x000000001bd0c000 JavaThread "C2 CompilerThread0" daemon [_thread_blocked, id=18856, stack(0x000000001d360000,0x000000001d460000)]
  0x000000001bcef800 JavaThread "JDWP Command Reader" daemon [_thread_in_native, id=31688, stack(0x000000001d260000,0x000000001d360000)]
  0x000000001bcee000 JavaThread "JDWP Event Helper Thread" daemon [_thread_blocked, id=29660, stack(0x000000001d160000,0x000000001d260000)]
  0x000000001bcdd800 JavaThread "JDWP Transport Listener: dt_socket" daemon [_thread_blocked, id=1668, stack(0x000000001d060000,0x000000001d160000)]
  0x000000001bcd0800 JavaThread "Attach Listener" daemon [_thread_blocked, id=31616, stack(0x000000001cc20000,0x000000001cd20000)]
  0x000000001bcda000 JavaThread "Signal Dispatcher" daemon [_thread_blocked, id=17344, stack(0x000000001cb20000,0x000000001cc20000)]
  0x000000001bcba800 JavaThread "Finalizer" daemon [_thread_blocked, id=19800, stack(0x000000001c920000,0x000000001ca20000)]
  0x00000000027e7000 JavaThread "Reference Handler" daemon [_thread_blocked, id=9208, stack(0x000000001c820000,0x000000001c920000)]
  0x00000000026f9800 JavaThread "main" [_thread_blocked, id=31668, stack(0x00000000025d0000,0x00000000026d0000)]

Other Threads:
  0x000000001bc97800 VMThread [stack: 0x000000001c720000,0x000000001c820000] [id=25480]
  0x000000001d68a800 WatcherThread [stack: 0x000000001da60000,0x000000001db60000] [id=28324]

VM state:synchronizing (normal execution)

VM Mutex/Monitor currently owned by a thread:  ([mutex/lock_event])
[0x00000000026f70d0] Threads_lock - owner thread: 0x000000001bc97800

Heap:
 PSYoungGen      total 76288K, used 0K [0x000000076ab00000, 0x0000000770000000, 0x00000007c0000000)
  eden space 65536K, 0% used [0x000000076ab00000,0x000000076ab00000,0x000000076eb00000)
  from space 10752K, 0% used [0x000000076f580000,0x000000076f580000,0x0000000770000000)
  to   space 10752K, 0% used [0x000000076eb00000,0x000000076eb00000,0x000000076f580000)
 ParOldGen       total 73728K, used 12316K [0x00000006c0000000, 0x00000006c4800000, 0x000000076ab00000)
  object space 73728K, 16% used [0x00000006c0000000,0x00000006c0c07388,0x00000006c4800000)
 Metaspace       used 32726K, capacity 33794K, committed 34048K, reserved 1081344K
  class space    used 4024K, capacity 4291K, committed 4352K, reserved 1048576K

Card table byte_map: [0x0000000011bb0000,0x00000000123c0000] byte_map_base: 0x000000000e5b0000

Marking Bits: (ParMarkBitMap*) 0x000000005b7a3e30
 Begin Bits: [0x0000000012b20000, 0x0000000016b20000)
 End Bits:   [0x0000000016b20000, 0x000000001ab20000)

Polling page: 0x0000000002490000

CodeCache: size=245760Kb used=7322Kb max_used=8043Kb free=238437Kb
 bounds [0x00000000027f0000, 0x0000000002ff0000, 0x00000000117f0000]
 total_blobs=2651 nmethods=2136 adapters=436
 compilation: enabled

Compilation events (10 events):
Event: 48.910 Thread 0x000000001bcfe800 nmethod 2369 0x0000000002c81b90 code [0x0000000002c81d00, 0x0000000002c81f28]
Event: 48.910 Thread 0x000000001bcfe800 2370       3       java.util.jar.JarFile$JarEntryIterator::nextElement (5 bytes)
Event: 48.911 Thread 0x000000001bcfe800 nmethod 2370 0x0000000002d66e90 code [0x0000000002d67040, 0x0000000002d675d8]
Event: 48.911 Thread 0x000000001bcfe800 2371       3       java.util.jar.JarFile$JarEntryIterator::nextElement (5 bytes)
Event: 48.911 Thread 0x000000001bcfe800 nmethod 2371 0x000000000299c810 code [0x000000000299c9a0, 0x000000000299ceb8]
Event: 48.911 Thread 0x000000001bcfe800 2372       3       java.util.zip.ZipFile::access$900 (7 bytes)
Event: 48.911 Thread 0x000000001bcfe800 nmethod 2372 0x0000000002ba4590 code [0x0000000002ba4700, 0x0000000002ba4888]
Event: 50.087 Thread 0x000000001bcfe800 2373       3       java.util.concurrent.atomic.AtomicIntegerFieldUpdater$AtomicIntegerFieldUpdaterImpl::accessCheck (17 bytes)
Event: 50.087 Thread 0x000000001bcfe800 nmethod 2373 0x0000000002d1e2d0 code [0x0000000002d1e440, 0x0000000002d1e6c8]
Event: 51.190 Thread 0x000000001bd0c000 2374   !   4       java.lang.ref.Reference::tryHandlePending (115 bytes)

GC Heap History (10 events):
Event: 14.369 GC heap before
{Heap before GC invocations=2 (full 0):
 PSYoungGen      total 76288K, used 46192K [0x000000076ab00000, 0x0000000770000000, 0x00000007c0000000)
  eden space 65536K, 56% used [0x000000076ab00000,0x000000076cedb838,0x000000076eb00000)
  from space 10752K, 88% used [0x000000076eb00000,0x000000076f440a10,0x000000076f580000)
  to   space 10752K, 0% used [0x000000076f580000,0x000000076f580000,0x0000000770000000)
 ParOldGen       total 175104K, used 80K [0x00000006c0000000, 0x00000006cab00000, 0x000000076ab00000)
  object space 175104K, 0% used [0x00000006c0000000,0x00000006c0014010,0x00000006cab00000)
 Metaspace       used 20677K, capacity 21200K, committed 21296K, reserved 1069056K
  class space    used 2466K, capacity 2650K, committed 2688K, reserved 1048576K
Event: 14.382 GC heap after
Heap after GC invocations=2 (full 0):
 PSYoungGen      total 76288K, used 7869K [0x000000076ab00000, 0x0000000770000000, 0x00000007c0000000)
  eden space 65536K, 0% used [0x000000076ab00000,0x000000076ab00000,0x000000076eb00000)
  from space 10752K, 73% used [0x000000076f580000,0x000000076fd2f7d0,0x0000000770000000)
  to   space 10752K, 0% used [0x000000076eb00000,0x000000076eb00000,0x000000076f580000)
 ParOldGen       total 175104K, used 96K [0x00000006c0000000, 0x00000006cab00000, 0x000000076ab00000)
  object space 175104K, 0% used [0x00000006c0000000,0x00000006c0018010,0x00000006cab00000)
 Metaspace       used 20677K, capacity 21200K, committed 21296K, reserved 1069056K
  class space    used 2466K, capacity 2650K, committed 2688K, reserved 1048576K
}
Event: 14.382 GC heap before
{Heap before GC invocations=3 (full 1):
 PSYoungGen      total 76288K, used 7869K [0x000000076ab00000, 0x0000000770000000, 0x00000007c0000000)
  eden space 65536K, 0% used [0x000000076ab00000,0x000000076ab00000,0x000000076eb00000)
  from space 10752K, 73% used [0x000000076f580000,0x000000076fd2f7d0,0x0000000770000000)
  to   space 10752K, 0% used [0x000000076eb00000,0x000000076eb00000,0x000000076f580000)
 ParOldGen       total 175104K, used 96K [0x00000006c0000000, 0x00000006cab00000, 0x000000076ab00000)
  object space 175104K, 0% used [0x00000006c0000000,0x00000006c0018010,0x00000006cab00000)
 Metaspace       used 20677K, capacity 21200K, committed 21296K, reserved 1069056K
  class space    used 2466K, capacity 2650K, committed 2688K, reserved 1048576K
Event: 14.432 GC heap after
Heap after GC invocations=3 (full 1):
 PSYoungGen      total 76288K, used 0K [0x000000076ab00000, 0x0000000770000000, 0x00000007c0000000)
  eden space 65536K, 0% used [0x000000076ab00000,0x000000076ab00000,0x000000076eb00000)
  from space 10752K, 0% used [0x000000076f580000,0x000000076f580000,0x0000000770000000)
  to   space 10752K, 0% used [0x000000076eb00000,0x000000076eb00000,0x000000076f580000)
 ParOldGen       total 73728K, used 7709K [0x00000006c0000000, 0x00000006c4800000, 0x000000076ab00000)
  object space 73728K, 10% used [0x00000006c0000000,0x00000006c07876b8,0x00000006c4800000)
 Metaspace       used 20677K, capacity 21200K, committed 21296K, reserved 1069056K
  class space    used 2466K, capacity 2650K, committed 2688K, reserved 1048576K
}
Event: 29.661 GC heap before
{Heap before GC invocations=4 (full 1):
 PSYoungGen      total 76288K, used 65536K [0x000000076ab00000, 0x0000000770000000, 0x00000007c0000000)
  eden space 65536K, 100% used [0x000000076ab00000,0x000000076eb00000,0x000000076eb00000)
  from space 10752K, 0% used [0x000000076f580000,0x000000076f580000,0x0000000770000000)
  to   space 10752K, 0% used [0x000000076eb00000,0x000000076eb00000,0x000000076f580000)
 ParOldGen       total 73728K, used 7709K [0x00000006c0000000, 0x00000006c4800000, 0x000000076ab00000)
  object space 73728K, 10% used [0x00000006c0000000,0x00000006c07876b8,0x00000006c4800000)
 Metaspace       used 26917K, capacity 27966K, committed 28160K, reserved 1073152K
  class space    used 3264K, capacity 3545K, committed 3584K, reserved 1048576K
Event: 29.666 GC heap after
Heap after GC invocations=4 (full 1):
 PSYoungGen      total 76288K, used 6383K [0x000000076ab00000, 0x0000000770000000, 0x00000007c0000000)
  eden space 65536K, 0% used [0x000000076ab00000,0x000000076ab00000,0x000000076eb00000)
  from space 10752K, 59% used [0x000000076eb00000,0x000000076f13bf80,0x000000076f580000)
  to   space 10752K, 0% used [0x000000076f580000,0x000000076f580000,0x0000000770000000)
 ParOldGen       total 73728K, used 7717K [0x00000006c0000000, 0x00000006c4800000, 0x000000076ab00000)
  object space 73728K, 10% used [0x00000006c0000000,0x00000006c07896b8,0x00000006c4800000)
 Metaspace       used 26917K, capacity 27966K, committed 28160K, reserved 1073152K
  class space    used 3264K, capacity 3545K, committed 3584K, reserved 1048576K
}
Event: 51.136 GC heap before
{Heap before GC invocations=5 (full 1):
 PSYoungGen      total 76288K, used 70908K [0x000000076ab00000, 0x0000000770000000, 0x00000007c0000000)
  eden space 65536K, 98% used [0x000000076ab00000,0x000000076ea03208,0x000000076eb00000)
  from space 10752K, 59% used [0x000000076eb00000,0x000000076f13bf80,0x000000076f580000)
  to   space 10752K, 0% used [0x000000076f580000,0x000000076f580000,0x0000000770000000)
 ParOldGen       total 73728K, used 7717K [0x00000006c0000000, 0x00000006c4800000, 0x000000076ab00000)
  object space 73728K, 10% used [0x00000006c0000000,0x00000006c07896b8,0x00000006c4800000)
 Metaspace       used 32724K, capacity 33794K, committed 34048K, reserved 1083392K
  class space    used 4024K, capacity 4291K, committed 4352K, reserved 1048576K
Event: 51.143 GC heap after
Heap after GC invocations=5 (full 1):
 PSYoungGen      total 76288K, used 7301K [0x000000076ab00000, 0x0000000770000000, 0x00000007c0000000)
  eden space 65536K, 0% used [0x000000076ab00000,0x000000076ab00000,0x000000076eb00000)
  from space 10752K, 67% used [0x000000076f580000,0x000000076fca1630,0x0000000770000000)
  to   space 10752K, 0% used [0x000000076eb00000,0x000000076eb00000,0x000000076f580000)
 ParOldGen       total 73728K, used 7717K [0x00000006c0000000, 0x00000006c4800000, 0x000000076ab00000)
  object space 73728K, 10% used [0x00000006c0000000,0x00000006c07896b8,0x00000006c4800000)
 Metaspace       used 32724K, capacity 33794K, committed 34048K, reserved 1083392K
  class space    used 4024K, capacity 4291K, committed 4352K, reserved 1048576K
}
Event: 51.143 GC heap before
{Heap before GC invocations=6 (full 2):
 PSYoungGen      total 76288K, used 7301K [0x000000076ab00000, 0x0000000770000000, 0x00000007c0000000)
  eden space 65536K, 0% used [0x000000076ab00000,0x000000076ab00000,0x000000076eb00000)
  from space 10752K, 67% used [0x000000076f580000,0x000000076fca1630,0x0000000770000000)
  to   space 10752K, 0% used [0x000000076eb00000,0x000000076eb00000,0x000000076f580000)
 ParOldGen       total 73728K, used 7717K [0x00000006c0000000, 0x00000006c4800000, 0x000000076ab00000)
  object space 73728K, 10% used [0x00000006c0000000,0x00000006c07896b8,0x00000006c4800000)
 Metaspace       used 32724K, capacity 33794K, committed 34048K, reserved 1083392K
  class space    used 4024K, capacity 4291K, committed 4352K, reserved 1048576K
Event: 51.190 GC heap after
Heap after GC invocations=6 (full 2):
 PSYoungGen      total 76288K, used 0K [0x000000076ab00000, 0x0000000770000000, 0x00000007c0000000)
  eden space 65536K, 0% used [0x000000076ab00000,0x000000076ab00000,0x000000076eb00000)
  from space 10752K, 0% used [0x000000076f580000,0x000000076f580000,0x0000000770000000)
  to   space 10752K, 0% used [0x000000076eb00000,0x000000076eb00000,0x000000076f580000)
 ParOldGen       total 73728K, used 12316K [0x00000006c0000000, 0x00000006c4800000, 0x000000076ab00000)
  object space 73728K, 16% used [0x00000006c0000000,0x00000006c0c07388,0x00000006c4800000)
 Metaspace       used 32724K, capacity 33794K, committed 34048K, reserved 1081344K
  class space    used 4024K, capacity 4291K, committed 4352K, reserved 1048576K
}

Deoptimization events (10 events):
Event: 51.064 Thread 0x000000001e1e9800 Uncommon trap: reason=unhandled action=none pc=0x0000000002f328d0 method=java.net.URLClassLoader.findClass(Ljava/lang/String;)Ljava/lang/Class; @ 44
Event: 51.077 Thread 0x000000001e1e9800 Uncommon trap: reason=unhandled action=none pc=0x0000000002f328d0 method=java.net.URLClassLoader.findClass(Ljava/lang/String;)Ljava/lang/Class; @ 44
Event: 51.084 Thread 0x000000001e1e9800 Uncommon trap: reason=unhandled action=none pc=0x0000000002f328d0 method=java.net.URLClassLoader.findClass(Ljava/lang/String;)Ljava/lang/Class; @ 44
Event: 51.092 Thread 0x000000001e1e9800 Uncommon trap: reason=unhandled action=none pc=0x0000000002f328d0 method=java.net.URLClassLoader.findClass(Ljava/lang/String;)Ljava/lang/Class; @ 44
Event: 51.098 Thread 0x000000001e1e9800 Uncommon trap: reason=unhandled action=none pc=0x0000000002f328d0 method=java.net.URLClassLoader.findClass(Ljava/lang/String;)Ljava/lang/Class; @ 44
Event: 51.107 Thread 0x000000001e1e9800 Uncommon trap: reason=unhandled action=none pc=0x0000000002f328d0 method=java.net.URLClassLoader.findClass(Ljava/lang/String;)Ljava/lang/Class; @ 44
Event: 51.112 Thread 0x000000001e1e9800 Uncommon trap: reason=unhandled action=none pc=0x0000000002f328d0 method=java.net.URLClassLoader.findClass(Ljava/lang/String;)Ljava/lang/Class; @ 44
Event: 51.119 Thread 0x000000001e1e9800 Uncommon trap: reason=unhandled action=none pc=0x0000000002f328d0 method=java.net.URLClassLoader.findClass(Ljava/lang/String;)Ljava/lang/Class; @ 44
Event: 51.125 Thread 0x000000001e1e9800 Uncommon trap: reason=unhandled action=none pc=0x0000000002f328d0 method=java.net.URLClassLoader.findClass(Ljava/lang/String;)Ljava/lang/Class; @ 44
Event: 51.131 Thread 0x000000001e1e9800 Uncommon trap: reason=unhandled action=none pc=0x0000000002f328d0 method=java.net.URLClassLoader.findClass(Ljava/lang/String;)Ljava/lang/Class; @ 44

Classes redefined (0 events):
No events

Internal exceptions (10 events):
Event: 20.524 Thread 0x00000000026f9800 Exception <a 'java/lang/ArrayIndexOutOfBoundsException': 155> (0x000000076c7a9300) thrown at [C:\re\workspace\8-2-build-windows-amd64-cygwin\jdk8u191\11896\hotspot\src\share\vm\interpreter\interpreterRuntime.cpp, line 366]
Event: 20.537 Thread 0x00000000026f9800 Exception <a 'java/lang/ArrayIndexOutOfBoundsException': 149> (0x000000076c7cd908) thrown at [C:\re\workspace\8-2-build-windows-amd64-cygwin\jdk8u191\11896\hotspot\src\share\vm\interpreter\interpreterRuntime.cpp, line 366]
Event: 24.457 Thread 0x00000000026f9800 Exception <a 'sun/nio/fs/WindowsException'> (0x000000076e6e8a30) thrown at [C:\re\workspace\8-2-build-windows-amd64-cygwin\jdk8u191\11896\hotspot\src\share\vm\prims\jni.cpp, line 709]
Event: 29.666 Thread 0x00000000026f9800 Exception <a 'java/lang/NoSuchMethodError': java.lang.Object.lambda$static$0(Lorg/asynchttpclient/uri/Uri;)Lorg/asynchttpclient/proxy/ProxyServer;> (0x000000076ebc4ba8) thrown at [C:\re\workspace\8-2-build-windows-amd64-cygwin\jdk8u191\11896\hotspot\src\s
Event: 45.825 Thread 0x000000001e1e9800 Exception <a 'java/lang/ArrayIndexOutOfBoundsException': 70> (0x000000076dda2918) thrown at [C:\re\workspace\8-2-build-windows-amd64-cygwin\jdk8u191\11896\hotspot\src\share\vm\interpreter\interpreterRuntime.cpp, line 366]
Event: 45.825 Thread 0x000000001e1e9800 Exception <a 'java/lang/ArrayIndexOutOfBoundsException': 114> (0x000000076dda3f40) thrown at [C:\re\workspace\8-2-build-windows-amd64-cygwin\jdk8u191\11896\hotspot\src\share\vm\interpreter\interpreterRuntime.cpp, line 366]
Event: 48.852 Thread 0x000000001e1e9800 Exception <a 'java/lang/ArrayIndexOutOfBoundsException': 167> (0x000000076e4726f8) thrown at [C:\re\workspace\8-2-build-windows-amd64-cygwin\jdk8u191\11896\hotspot\src\share\vm\interpreter\interpreterRuntime.cpp, line 366]
Event: 48.917 Thread 0x000000001e1e9800 Exception <a 'java/lang/ArrayIndexOutOfBoundsException': 69> (0x000000076e55d5e8) thrown at [C:\re\workspace\8-2-build-windows-amd64-cygwin\jdk8u191\11896\hotspot\src\share\vm\interpreter\interpreterRuntime.cpp, line 366]
Event: 48.917 Thread 0x000000001e1e9800 Exception <a 'java/lang/ArrayIndexOutOfBoundsException': 163> (0x000000076e55f488) thrown at [C:\re\workspace\8-2-build-windows-amd64-cygwin\jdk8u191\11896\hotspot\src\share\vm\interpreter\interpreterRuntime.cpp, line 366]
Event: 48.918 Thread 0x000000001e1e9800 Exception <a 'java/lang/ArrayIndexOutOfBoundsException': 276> (0x000000076e562148) thrown at [C:\re\workspace\8-2-build-windows-amd64-cygwin\jdk8u191\11896\hotspot\src\share\vm\interpreter\interpreterRuntime.cpp, line 366]

Events (10 events):
Event: 51.125 Thread 0x000000001e1e9800 DEOPT PACKING pc=0x0000000002f328d0 sp=0x00000000230ccb80
Event: 51.125 Thread 0x000000001e1e9800 DEOPT UNPACKING pc=0x000000000283557b sp=0x00000000230cca78 mode 2
Event: 51.131 loading class com/fasterxml/jackson/databind/deser/std/StdValueInstantiator
Event: 51.131 loading class com/fasterxml/jackson/databind/deser/std/StdValueInstantiator done
Event: 51.131 Thread 0x000000001e1e9800 Uncommon trap: trap_request=0xffffffa7 fr.pc=0x0000000002f328d0
Event: 51.131 Thread 0x000000001e1e9800 DEOPT PACKING pc=0x0000000002f328d0 sp=0x00000000230cbeb0
Event: 51.131 Thread 0x000000001e1e9800 DEOPT UNPACKING pc=0x000000000283557b sp=0x00000000230cbda8 mode 2
Event: 51.136 Executing VM operation: CollectForMetadataAllocation
Event: 51.190 Executing VM operation: CollectForMetadataAllocation done
Event: 51.191 Executing VM operation: RevokeBias


Dynamic libraries:
0x00007ff75df90000 - 0x00007ff75dfc7000 	C:\Program Files\Java\jre1.8.0_191\bin\javaw.exe
0x00007ffd12d10000 - 0x00007ffd12f08000 	C:\WINDOWS\SYSTEM32\ntdll.dll
0x00007ffd12be0000 - 0x00007ffd12c9f000 	C:\WINDOWS\System32\KERNEL32.DLL
0x00007ffd10650000 - 0x00007ffd10946000 	C:\WINDOWS\System32\KERNELBASE.dll
0x00007ffd124c0000 - 0x00007ffd1256f000 	C:\WINDOWS\System32\ADVAPI32.dll
0x00007ffd125d0000 - 0x00007ffd1266e000 	C:\WINDOWS\System32\msvcrt.dll
0x00007ffd11b70000 - 0x00007ffd11c0c000 	C:\WINDOWS\System32\sechost.dll
0x00007ffd11020000 - 0x00007ffd11146000 	C:\WINDOWS\System32\RPCRT4.dll
0x00007ffd119d0000 - 0x00007ffd11b6d000 	C:\WINDOWS\System32\USER32.dll
0x00007ffd10460000 - 0x00007ffd10482000 	C:\WINDOWS\System32\win32u.dll
0x00007ffd10d70000 - 0x00007ffd10d9c000 	C:\WINDOWS\System32\GDI32.dll
0x00007ffd10c50000 - 0x00007ffd10d65000 	C:\WINDOWS\System32\gdi32full.dll
0x00007ffd10bb0000 - 0x00007ffd10c4d000 	C:\WINDOWS\System32\msvcp_win.dll
0x00007ffd10490000 - 0x00007ffd10590000 	C:\WINDOWS\System32\ucrtbase.dll
0x00007ffcff520000 - 0x00007ffcff7ba000 	C:\WINDOWS\WinSxS\amd64_microsoft.windows.common-controls_6595b64144ccf1df_6.0.19041.1110_none_60b5254171f9507e\COMCTL32.dll
0x00007ffd12ca0000 - 0x00007ffd12cd0000 	C:\WINDOWS\System32\IMM32.DLL
0x00007ffd10200000 - 0x00007ffd1023b000 	C:\Program Files\Citrix\HDX\bin\MfApHook.dll
0x00007ffd10140000 - 0x00007ffd10150000 	C:\Program Files\Citrix\HDX\bin\FullScreenHook.dll
0x00007ffce9a90000 - 0x00007ffce9b2c000 	C:\Program Files\Java\jre1.8.0_191\bin\MSVCP140.dll
0x00007ffd10080000 - 0x00007ffd1008c000 	C:\WINDOWS\SYSTEM32\VCRUNTIME140_1.dll
0x00007ffd0bd00000 - 0x00007ffd0bd16000 	C:\Program Files\Java\jre1.8.0_191\bin\VCRUNTIME140.dll
0x00007ffd0ffa0000 - 0x00007ffd0ffcd000 	C:\Program Files\Citrix\HDX\bin\ShellHook.dll
0x00007ffd12570000 - 0x00007ffd125c5000 	C:\WINDOWS\System32\SHLWAPI.dll
0x00007ffd0fe70000 - 0x00007ffd0ff99000 	C:\Program Files\Citrix\HDX\bin\SCardHook.dll
0x00007ffd10000000 - 0x00007ffd1001e000 	C:\Program Files\Citrix\HDX\bin\CxInjIme.dll
0x00007ffd0fcc0000 - 0x00007ffd0fce8000 	C:\Program Files\Citrix\HDX\bin\PicaWtsHook.dll
0x000000005aad0000 - 0x000000005aba2000 	C:\Program Files\Java\jre1.8.0_191\bin\msvcr100.dll
0x000000005af80000 - 0x000000005b824000 	C:\Program Files\Java\jre1.8.0_191\bin\server\jvm.dll
0x00007ffd118a0000 - 0x00007ffd118a8000 	C:\WINDOWS\System32\PSAPI.DLL
0x00007ffd0ab80000 - 0x00007ffd0ab89000 	C:\WINDOWS\SYSTEM32\WSOCK32.dll
0x00007ffd118b0000 - 0x00007ffd1191b000 	C:\WINDOWS\System32\WS2_32.dll
0x00007ffd0b010000 - 0x00007ffd0b037000 	C:\WINDOWS\SYSTEM32\WINMM.dll
0x00007ffd0fff0000 - 0x00007ffd0fffa000 	C:\WINDOWS\SYSTEM32\VERSION.dll
0x000000005bab0000 - 0x000000005babf000 	C:\Program Files\Java\jre1.8.0_191\bin\verify.dll
0x000000005ba80000 - 0x000000005baa9000 	C:\Program Files\Java\jre1.8.0_191\bin\java.dll
0x000000005aa90000 - 0x000000005aac5000 	C:\Program Files\Java\jre1.8.0_191\bin\jdwp.dll
0x000000005aa80000 - 0x000000005aa88000 	C:\Program Files\Java\jre1.8.0_191\bin\npt.dll
0x000000005ba60000 - 0x000000005ba76000 	C:\Program Files\Java\jre1.8.0_191\bin\zip.dll
0x00007ffd11150000 - 0x00007ffd11894000 	C:\WINDOWS\System32\SHELL32.dll
0x00007ffd0d020000 - 0x00007ffd0d7b3000 	C:\WINDOWS\SYSTEM32\windows.storage.dll
0x00007ffd11d10000 - 0x00007ffd12064000 	C:\WINDOWS\System32\combase.dll
0x00007ffd0f8a0000 - 0x00007ffd0f8ce000 	C:\WINDOWS\SYSTEM32\Wldp.dll
0x00007ffd12070000 - 0x00007ffd1211d000 	C:\WINDOWS\System32\SHCORE.dll
0x00007ffd10330000 - 0x00007ffd1034f000 	C:\WINDOWS\SYSTEM32\profapi.dll
0x000000005aa70000 - 0x000000005aa79000 	C:\Program Files\Java\jre1.8.0_191\bin\dt_socket.dll
0x00007ffd05400000 - 0x00007ffd05417000 	C:\WINDOWS\system32\napinsp.dll
0x00007ffd053e0000 - 0x00007ffd053fb000 	C:\WINDOWS\system32\pnrpnsp.dll
0x00007ffd05420000 - 0x00007ffd05435000 	C:\WINDOWS\system32\wshbth.dll
0x00007ffd0a540000 - 0x00007ffd0a55d000 	C:\WINDOWS\system32\NLAapi.dll
0x00007ffd0f350000 - 0x00007ffd0f38c000 	C:\WINDOWS\SYSTEM32\IPHLPAPI.DLL
0x00007ffd0f630000 - 0x00007ffd0f69a000 	C:\WINDOWS\System32\mswsock.dll
0x00007ffd0f390000 - 0x00007ffd0f45b000 	C:\WINDOWS\SYSTEM32\DNSAPI.dll
0x00007ffd12670000 - 0x00007ffd12678000 	C:\WINDOWS\System32\NSI.dll
0x00007ffd05600000 - 0x00007ffd05612000 	C:\WINDOWS\System32\winrnr.dll
0x00007ffd08ed0000 - 0x00007ffd08f52000 	C:\WINDOWS\System32\fwpuclnt.dll
0x00007ffd10590000 - 0x00007ffd105b7000 	C:\WINDOWS\System32\bcrypt.dll
0x00007ffd07250000 - 0x00007ffd0725a000 	C:\Windows\System32\rasadhlp.dll
0x000000005af60000 - 0x000000005af7a000 	C:\Program Files\Java\jre1.8.0_191\bin\net.dll
0x00007ffd0fca0000 - 0x00007ffd0fcb8000 	C:\WINDOWS\SYSTEM32\CRYPTSP.dll
0x00007ffd0ee70000 - 0x00007ffd0eea4000 	C:\WINDOWS\system32\rsaenh.dll
0x00007ffd102f0000 - 0x00007ffd1031e000 	C:\WINDOWS\SYSTEM32\USERENV.dll
0x00007ffd105c0000 - 0x00007ffd10642000 	C:\WINDOWS\System32\bcryptprimitives.dll
0x00007ffd0f7c0000 - 0x00007ffd0f7cc000 	C:\WINDOWS\SYSTEM32\CRYPTBASE.dll
0x00007ffd09750000 - 0x00007ffd09767000 	C:\WINDOWS\SYSTEM32\dhcpcsvc6.DLL
0x00007ffd08b70000 - 0x00007ffd08b8d000 	C:\WINDOWS\SYSTEM32\dhcpcsvc.DLL
0x000000005af40000 - 0x000000005af51000 	C:\Program Files\Java\jre1.8.0_191\bin\nio.dll
0x000000005af10000 - 0x000000005af34000 	C:\Program Files\Java\jre1.8.0_191\bin\sunec.dll
0x000000005af00000 - 0x000000005af0b000 	C:\Program Files\Java\jre1.8.0_191\bin\sunmscapi.dll
0x00007ffd10950000 - 0x00007ffd10aae000 	C:\WINDOWS\System32\CRYPT32.dll
0x000000005aa60000 - 0x000000005aa6d000 	C:\Program Files\Java\jre1.8.0_191\bin\management.dll

VM Arguments:
jvm_args: -agentlib:jdwp=transport=dt_socket,suspend=y,address=localhost:53542 -ea -Dfile.encoding=Cp1252 
java_command: org.testng.remote.RemoteTestNG -serport 53540 -protocol json -d P:\ModelN_TestNG\test-output C:\Users\SSENTH~1\AppData\Local\Temp\testng-eclipse-1594016873\testng-customsuite.xml
java_class_path (initial): C:\Users\ssenthil1\Desktop\Selenium_SW\eclipse-jee-photon-R-win32-x86_64\eclipse-jee-photon-R-win32-x86_64\eclipse\configuration\org.eclipse.osgi\999\0\.cp\lib\testng-remote.jar;C:\Program Files\Java\jre1.8.0_191\lib\resources.jar;C:\Program Files\Java\jre1.8.0_191\lib\rt.jar;C:\Program Files\Java\jre1.8.0_191\lib\jsse.jar;C:\Program Files\Java\jre1.8.0_191\lib\jce.jar;C:\Program Files\Java\jre1.8.0_191\lib\charsets.jar;C:\Program Files\Java\jre1.8.0_191\lib\jfr.jar;C:\Program Files\Java\jre1.8.0_191\lib\ext\access-bridge-64.jar;C:\Program Files\Java\jre1.8.0_191\lib\ext\cldrdata.jar;C:\Program Files\Java\jre1.8.0_191\lib\ext\dnsns.jar;C:\Program Files\Java\jre1.8.0_191\lib\ext\jaccess.jar;C:\Program Files\Java\jre1.8.0_191\lib\ext\jfxrt.jar;C:\Program Files\Java\jre1.8.0_191\lib\ext\localedata.jar;C:\Program Files\Java\jre1.8.0_191\lib\ext\nashorn.jar;C:\Program Files\Java\jre1.8.0_191\lib\ext\sunec.jar;C:\Program Files\Java\jre1.8.0_191\lib\ext\sunjce_provider.jar;C:\Program Files\Java\jre1.8.0_191\lib\ext\sunmscapi.jar;C:\Program Files\Java\jre1.8.0_191\lib\ext\sunpkcs11.jar;C:\Program Files\Java\jre1.8.0_191\lib\ext\zipfs.jar;P:\ModelN_TestNG\target\test-classes;P:\ModelN_TestNG\target\classes;C:\Users\ssenthil1\Desktop\Selenium_SW\eclipse-jee-photon-R-win32-x86_64\eclipse-jee-photon-R-win32-x86_64\eclipse\plugins\org.testng_7.4.0.r202105021533.jar;C:\Users\ssenthil1\Desktop\Selenium_SW\eclipse-jee-photon-R-win32-x86_64\eclipse-jee-photon-R-win32-x86_64\eclipse\plugins\com.beust.jcommander_1.78.0.jar;C:\Users\ssenthil1\Desktop\Selenium_SW\eclipse-jee-photon-R-win32-x86_64\eclipse-jee-photon-R-win32-x86_64\eclipse\plugins\org.apache-extras.beanshell.bsh_2.0.0.b6.jar;C:\Users\ssenthil1\Desktop\Selenium_SW\eclipse-jee-photon-R-win32-x86_64\eclipse-jee-photon-R-win32-x86_64\eclipse\plugins\org.yaml.snakeyaml_1.21.0.jar;C:\Users\ssenthil1\Desktop\Selenium_SW\eclipse-jee-photon-R-win32-x86_64\eclipse-jee-photon-R-win32-x86_64\eclipse\plugi
Launcher Type: SUN_STANDARD

Environment Variables:
JAVA_HOME=C:\Program Files\Java\jdk1.8.0_291
PATH=C:/Program Files/Java/jre1.8.0_191/bin/server;C:/Program Files/Java/jre1.8.0_191/bin;C:/Program Files/Java/jre1.8.0_191/lib/amd64;C:\Program Files (x86)\Common Files\Oracle\Java\javapath;C:\WINDOWS\system32;C:\WINDOWS;C:\WINDOWS\System32\Wbem;C:\WINDOWS\System32\WindowsPowerShell\v1.0\;C:\WINDOWS\System32\OpenSSH\;C:\Program Files\Java\jdk1.8.0_291\bin;C:\Program Files\PuTTY\;C:\Program Files (x86)\Git\cmd;C:\Maven\apache-maven-3.8.6\bin;C:\Program Files (x86)\Citrix\HDX\bin\;C:\Program Files\Citrix\HDX\bin\;C:\Users\ssenthil1\AppData\Local\Microsoft\WindowsApps;;C:\Users\ssenthil1\Desktop\Selenium_SW\eclipse-jee-photon-R-win32-x86_64\eclipse-jee-photon-R-win32-x86_64\eclipse;
USERNAME=ssenthil1
OS=Windows_NT
PROCESSOR_IDENTIFIER=Intel64 Family 6 Model 106 Stepping 6, GenuineIntel



---------------  S Y S T E M  ---------------

OS: Windows 10.0 , 64 bit Build 19041 (10.0.19041.2913)

CPU:total 2 (initial active 2) (1 cores per cpu, 2 threads per core) family 6 model 106 stepping 6, cmov, cx8, fxsr, mmx, sse, sse2, sse3, ssse3, sse4.1, sse4.2, popcnt, avx, avx2, aes, clmul, erms, rtm, 3dnowpref, lzcnt, ht, tsc, bmi1, bmi2, adx

Memory: 4k page, physical 16776756k(2866896k free), swap 20971060k(2456k free)

vm_info: Java HotSpot(TM) 64-Bit Server VM (25.191-b12) for windows-amd64 JRE (1.8.0_191-b12), built on Oct  6 2018 09:29:03 by "java_re" with MS VC++ 10.0 (VS2010)

time: Fri Jul 21 21:06:32 2023
elapsed time: 51 seconds (0d 0h 0m 51s)

